<?xml version="1.0" encoding="UTF-8"?>
<!-- Generated by org.testng.reporters.JUnitXMLReporter -->
<testsuite ignored="0" hostname="DESKTOP-PMTAGIE" failures="1" tests="2" name="Test" time="0.069" errors="0" timestamp="2023-02-04T03:38:42 PST">
  <testcase classname="DEMO1.parameterization" name="method" time="0.0">
    <failure type="org.testng.TestNGException" message="
Parameter &amp;apos;password&amp;apos; is required by @Test on method method but has not been marked @Optional or defined
in C:\Users\HP\eclipse-workspace\nov16TestNG\para.xml">
      <![CDATA[org.testng.TestNGException: 
Parameter 'password' is required by @Test on method method but has not been marked @Optional or defined
in C:\Users\HP\eclipse-workspace\nov16TestNG\para.xml
at java.base/java.util.ArrayList.forEach(ArrayList.java:1511)
... Removed 26 stack frames]]>
    </failure>
  </testcase> <!-- method -->
  <testcase classname="DEMO1.test1" name="test1method1" time="0.002"/>
</testsuite> <!-- Test -->
